<?xml version="1.0" encoding="UTF-8"?>
<!-- Generated by org.testng.reporters.JUnitReportReporter -->
<testsuite skipped="0" hostname="Suji" name="Booking.Deals" tests="1" failures="0" timestamp="28 Mar 2019 05:54:05 GMT" time="2.758" errors="0">
  <testcase name="TodayDeals" time="2.758" classname="Booking.Deals"/>
</testsuite> <!-- Booking.Deals -->
