<?xml version="1.0" encoding="UTF-8"?>
<!-- Generated by org.testng.reporters.JUnitReportReporter -->
<testsuite skipped="0" hostname="Suji" name="Booking.HomePage" tests="2" failures="0" timestamp="28 Mar 2019 05:54:05 GMT" time="53.486" errors="0">
  <testcase name="loginPage" time="45.657" classname="Booking.HomePage"/>
  <testcase name="loginPage" time="7.829" classname="Booking.HomePage"/>
</testsuite> <!-- Booking.HomePage -->
