<?xml version="1.0" encoding="UTF-8"?>
<!-- Generated by org.testng.reporters.JUnitReportReporter -->
<testsuite skipped="0" hostname="Suji" name="Booking.HomePage" tests="2" failures="0" timestamp="28 Mar 2019 06:29:03 GMT" time="47.136" errors="0">
  <testcase name="loginPage" time="12.656" classname="Booking.HomePage"/>
  <testcase name="loginPage" time="34.480" classname="Booking.HomePage"/>
</testsuite> <!-- Booking.HomePage -->
