<?xml version="1.0" encoding="UTF-8"?>
<!-- Generated by org.testng.reporters.JUnitReportReporter -->
<testsuite skipped="0" hostname="Suji" name="Booking.Category" tests="1" failures="0" timestamp="28 Mar 2019 06:29:03 GMT" time="16.353" errors="0">
  <testcase name="ExploreCategory" time="16.353" classname="Booking.Category"/>
</testsuite> <!-- Booking.Category -->
